<?xml version="1.0" encoding="UTF-8"?>
<!-- Generated by org.testng.reporters.JUnitReportReporter -->
<testsuite hostname="DESKTOP-OTOSE76" failures="0" tests="3" name="maven1package.TestNgClassMaven" time="0.039" errors="0" timestamp="2023-10-17T10:31:50 CEST" skipped="0">
  <testcase classname="maven1package.TestNgClassMaven" name="test2" time="0.022"/>
  <testcase classname="maven1package.TestNgClassMaven" name="test1" time="0.009"/>
  <testcase classname="maven1package.TestNgClassMaven" name="test3" time="0.008"/>
</testsuite> <!-- maven1package.TestNgClassMaven -->
